[    0.000000] Initializing cgroup subsys cpuset
[    0.000000] Initializing cgroup subsys cpu
[    0.000000] Initializing cgroup subsys cpuacct
[    0.000000] Linux version 4.4.0-171-generic (buildd@lcy01-amd64-018) (gcc version 5.4.0 20160609 (Ubuntu 5.4.0-6ubuntu1~16.04.12) ) #200-Ubuntu SMP Tue Dec 3 11:04:55 UTC 2019 (Ubuntu 4.4.0-171.200-generic 4.4.203)
[    0.000000] Command line: BOOT_IMAGE=/boot/vmlinuz-4.4.0-171-generic root=LABEL=cloudimg-rootfs ro console=tty1 console=ttyS0
[    0.000000] KERNEL supported cpus:
[    0.000000]   Intel GenuineIntel
[    0.000000]   AMD AuthenticAMD
[    0.000000]   Centaur CentaurHauls
[    0.000000] x86/fpu: xstate_offset[2]:  576, xstate_sizes[2]:  256
[    0.000000] x86/fpu: Supporting XSAVE feature 0x01: 'x87 floating point registers'
[    0.000000] x86/fpu: Supporting XSAVE feature 0x02: 'SSE registers'
[    0.000000] x86/fpu: Supporting XSAVE feature 0x04: 'AVX registers'
[    0.000000] x86/fpu: Enabled xstate features 0x7, context size is 832 bytes, using 'standard' format.
[    0.000000] e820: BIOS-provided physical RAM map:
[    0.000000] BIOS-e820: [mem 0x0000000000000000-0x000000000009fbff] usable
[    0.000000] BIOS-e820: [mem 0x000000000009fc00-0x000000000009ffff] reserved
[    0.000000] BIOS-e820: [mem 0x00000000000f0000-0x00000000000fffff] reserved
[    0.000000] BIOS-e820: [mem 0x0000000000100000-0x000000003ffeffff] usable
[    0.000000] BIOS-e820: [mem 0x000000003fff0000-0x000000003fffffff] ACPI data
[    0.000000] BIOS-e820: [mem 0x00000000fec00000-0x00000000fec00fff] reserved
[    0.000000] BIOS-e820: [mem 0x00000000fee00000-0x00000000fee00fff] reserved
[    0.000000] BIOS-e820: [mem 0x00000000fffc0000-0x00000000ffffffff] reserved
[    0.000000] NX (Execute Disable) protection: active
[    0.000000] SMBIOS 2.5 present.
[    0.000000] Hypervisor detected: KVM
[    0.000000] e820: last_pfn = 0x3fff0 max_arch_pfn = 0x400000000
[    0.000000] MTRR: Disabled
[    0.000000] x86/PAT: MTRRs disabled, skipping PAT initialization too.
[    0.000000] CPU MTRRs all blank - virtualized system.
[    0.000000] x86/PAT: Configuration [0-7]: WB  WT  UC- UC  WB  WT  UC- UC  
[    0.000000] found SMP MP-table at [mem 0x0009fff0-0x0009ffff] mapped at [ffff88000009fff0]
[    0.000000] Scanning 1 areas for low memory corruption
[    0.000000] RAMDISK: [mem 0x362e2000-0x37168fff]
[    0.000000] ACPI: Early table checksum verification disabled
[    0.000000] ACPI: RSDP 0x00000000000E0000 000024 (v02 VBOX  )
[    0.000000] ACPI: XSDT 0x000000003FFF0030 00003C (v01 VBOX   VBOXXSDT 00000001 ASL  00000061)
[    0.000000] ACPI: FACP 0x000000003FFF00F0 0000F4 (v04 VBOX   VBOXFACP 00000001 ASL  00000061)
[    0.000000] ACPI: DSDT 0x000000003FFF0470 0022EA (v02 VBOX   VBOXBIOS 00000002 INTL 20100528)
[    0.000000] ACPI: FACS 0x000000003FFF0200 000040
[    0.000000] ACPI: FACS 0x000000003FFF0200 000040
[    0.000000] ACPI: APIC 0x000000003FFF0240 00005C (v02 VBOX   VBOXAPIC 00000001 ASL  00000061)
[    0.000000] ACPI: SSDT 0x000000003FFF02A0 0001CC (v01 VBOX   VBOXCPUT 00000002 INTL 20100528)
[    0.000000] No NUMA configuration found
[    0.000000] Faking a node at [mem 0x0000000000000000-0x000000003ffeffff]
[    0.000000] NODE_DATA(0) allocated [mem 0x3ffeb000-0x3ffeffff]
[    0.000000] kvm-clock: Using msrs 4b564d01 and 4b564d00
[    0.000000] kvm-clock: cpu 0, msr 0:3ffe3001, primary cpu clock
[    0.000000] kvm-clock: using sched offset of 3836563758 cycles
[    0.000000] clocksource: kvm-clock: mask: 0xffffffffffffffff max_cycles: 0x1cd42e4dffb, max_idle_ns: 881590591483 ns
[    0.000000] Zone ranges:
[    0.000000]   DMA      [mem 0x0000000000001000-0x0000000000ffffff]
[    0.000000]   DMA32    [mem 0x0000000001000000-0x000000003ffeffff]
[    0.000000]   Normal   empty
[    0.000000]   Device   empty
[    0.000000] Movable zone start for each node
[    0.000000] Early memory node ranges
[    0.000000]   node   0: [mem 0x0000000000001000-0x000000000009efff]
[    0.000000]   node   0: [mem 0x0000000000100000-0x000000003ffeffff]
[    0.000000] Initmem setup node 0 [mem 0x0000000000001000-0x000000003ffeffff]
[    0.000000] ACPI: PM-Timer IO Port: 0x4008
[    0.000000] IOAPIC[0]: apic_id 2, version 32, address 0xfec00000, GSI 0-23
[    0.000000] ACPI: INT_SRC_OVR (bus 0 bus_irq 0 global_irq 2 dfl dfl)
[    0.000000] ACPI: INT_SRC_OVR (bus 0 bus_irq 9 global_irq 9 low level)
[    0.000000] Using ACPI (MADT) for SMP configuration information
[    0.000000] smpboot: Allowing 2 CPUs, 0 hotplug CPUs
[    0.000000] PM: Registered nosave memory: [mem 0x00000000-0x00000fff]
[    0.000000] PM: Registered nosave memory: [mem 0x0009f000-0x0009ffff]
[    0.000000] PM: Registered nosave memory: [mem 0x000a0000-0x000effff]
[    0.000000] PM: Registered nosave memory: [mem 0x000f0000-0x000fffff]
[    0.000000] e820: [mem 0x40000000-0xfebfffff] available for PCI devices
[    0.000000] Booting paravirtualized kernel on KVM
[    0.000000] clocksource: refined-jiffies: mask: 0xffffffff max_cycles: 0xffffffff, max_idle_ns: 7645519600211568 ns
[    0.000000] setup_percpu: NR_CPUS:512 nr_cpumask_bits:512 nr_cpu_ids:2 nr_node_ids:1
[    0.000000] PERCPU: Embedded 33 pages/cpu @ffff88003fc00000 s95448 r8192 d31528 u1048576
[    0.000000] Built 1 zonelists in Node order, mobility grouping on.  Total pages: 257912
[    0.000000] Policy zone: DMA32
[    0.000000] Kernel command line: BOOT_IMAGE=/boot/vmlinuz-4.4.0-171-generic root=LABEL=cloudimg-rootfs ro console=tty1 console=ttyS0
[    0.000000] PID hash table entries: 4096 (order: 3, 32768 bytes)
[    0.000000] Memory: 997680K/1048120K available (8626K kernel code, 1336K rwdata, 4032K rodata, 1488K init, 1288K bss, 50440K reserved, 0K cma-reserved)
[    0.000000] SLUB: HWalign=64, Order=0-3, MinObjects=0, CPUs=2, Nodes=1
[    0.000000] Kernel/User page tables isolation: enabled
[    0.000000] Hierarchical RCU implementation.
[    0.000000] 	Build-time adjustment of leaf fanout to 64.
[    0.000000] 	RCU restricting CPUs from NR_CPUS=512 to nr_cpu_ids=2.
[    0.000000] RCU: Adjusting geometry for rcu_fanout_leaf=64, nr_cpu_ids=2
[    0.000000] NR_IRQS:33024 nr_irqs:440 16
[    0.000000] Console: colour VGA+ 80x25
[    0.000000] console [tty1] enabled
[    0.000000] console [ttyS0] enabled
[    0.000000] tsc: Detected 2808.002 MHz processor
[    0.241182] Calibrating delay loop (skipped) preset value.. 5616.00 BogoMIPS (lpj=11232008)
[    0.243765] pid_max: default: 32768 minimum: 301
[    0.245307] ACPI: Core revision 20150930
[    0.251779] ACPI: 2 ACPI AML tables successfully acquired and loaded
[    0.253575] Security Framework initialized
[    0.254667] Yama: becoming mindful.
[    0.255657] AppArmor: AppArmor initialized
[    0.257154] Dentry cache hash table entries: 131072 (order: 8, 1048576 bytes)
[    0.271111] Inode-cache hash table entries: 65536 (order: 7, 524288 bytes)
[    0.273117] Mount-cache hash table entries: 2048 (order: 2, 16384 bytes)
[    0.274710] Mountpoint-cache hash table entries: 2048 (order: 2, 16384 bytes)
[    0.276830] Initializing cgroup subsys io
[    0.278886] Initializing cgroup subsys memory
[    0.280698] Initializing cgroup subsys devices
[    0.281895] Initializing cgroup subsys freezer
[    0.283045] Initializing cgroup subsys net_cls
[    0.284353] Initializing cgroup subsys perf_event
[    0.285638] Initializing cgroup subsys net_prio
[    0.287023] Initializing cgroup subsys hugetlb
[    0.288295] Initializing cgroup subsys pids
[    0.290634] mce: CPU supports 0 MCE banks
[    0.291770] Last level iTLB entries: 4KB 64, 2MB 8, 4MB 8
[    0.293797] Last level dTLB entries: 4KB 64, 2MB 0, 4MB 0, 1GB 4
[    0.295957] Spectre V1 : Mitigation: usercopy/swapgs barriers and __user pointer sanitization
[    0.298769] Spectre V2 : Mitigation: Full generic retpoline
[    0.300421] Spectre V2 : Spectre v2 / SpectreRSB mitigation: Filling RSB on context switch
[    0.302641] Speculative Store Bypass: Vulnerable
[    0.303904] MDS: Vulnerable: Clear CPU buffers attempted, no microcode
[    0.310906] Freeing SMP alternatives memory: 36K
[    0.319477] ftrace: allocating 32302 entries in 127 pages
[    0.409291] smpboot: APIC(0) Converting physical 0 to logical package 0
[    0.410917] smpboot: Max logical packages: 1
[    0.413693] x2apic enabled
[    0.415026] Switched APIC routing to physical x2apic.
[    0.418176] ..TIMER: vector=0x30 apic1=0 pin1=2 apic2=-1 pin2=-1
[    0.527985] smpboot: CPU0: Intel(R) Core(TM) i7-6600U CPU @ 2.60GHz (family: 0x6, model: 0x4e, stepping: 0x3)
[    0.532545] Performance Events: unsupported p6 CPU model 78 no PMU driver, software events only.
[    0.548495] KVM setup paravirtual spinlock
[    0.551069] x86: Booting SMP configuration:
[    0.552729] .... node  #0, CPUs:      #1
[    0.554044] kvm-clock: cpu 1, msr 0:3ffe3041, secondary cpu clock
[    0.557420] mce: CPU supports 0 MCE banks
[    0.560224] x86: Booted up 1 node, 2 CPUs
[    0.563152] smpboot: Total of 2 processors activated (11232.00 BogoMIPS)
[    0.566159] devtmpfs: initialized
[    0.568948] evm: security.selinux
[    0.570183] evm: security.SMACK64
[    0.571421] evm: security.SMACK64EXEC
[    0.572789] evm: security.SMACK64TRANSMUTE
[    0.574264] evm: security.SMACK64MMAP
[    0.575636] evm: security.ima
[    0.576838] evm: security.capability
[    0.578944] clocksource: jiffies: mask: 0xffffffff max_cycles: 0xffffffff, max_idle_ns: 7645041785100000 ns
[    0.582862] futex hash table entries: 512 (order: 3, 32768 bytes)
[    0.584556] pinctrl core: initialized pinctrl subsystem
[    0.586166] RTC time:  9:35:26, date: 01/21/20
[    0.587974] NET: Registered protocol family 16
[    0.600435] cpuidle: using governor ladder
[    0.616954] cpuidle: using governor menu
[    0.619111] PCCT header not found.
[    0.621210] ACPI: bus type PCI registered
[    0.622902] acpiphp: ACPI Hot Plug PCI Controller Driver version: 0.5
[    0.625756] PCI: Using configuration type 1 for base access
[    0.640925] ACPI: Added _OSI(Module Device)
[    0.642200] ACPI: Added _OSI(Processor Device)
[    0.643569] ACPI: Added _OSI(3.0 _SCP Extensions)
[    0.645135] ACPI: Added _OSI(Processor Aggregator Device)
[    0.647460] ACPI: Executed 1 blocks of module-level executable AML code
[    0.651751] ACPI: Interpreter enabled
[    0.652806] ACPI: (supports S0 S5)
[    0.653809] ACPI: Using IOAPIC for interrupt routing
[    0.655228] PCI: Using host bridge windows from ACPI; if necessary, use "pci=nocrs" and report a bug
[    0.662385] ACPI: PCI Root Bridge [PCI0] (domain 0000 [bus 00-ff])
[    0.664115] acpi PNP0A03:00: _OSC: OS supports [ASPM ClockPM Segments MSI]
[    0.666327] acpi PNP0A03:00: _OSC: not requesting OS control; OS requires [ExtendedConfig ASPM ClockPM MSI]
[    0.668984] acpi PNP0A03:00: fail to add MMCONFIG information, can't access extended PCI configuration space under this bridge.
[    0.672282] PCI host bridge to bus 0000:00
[    0.673525] pci_bus 0000:00: root bus resource [io  0x0000-0x0cf7 window]
[    0.675266] pci_bus 0000:00: root bus resource [io  0x0d00-0xffff window]
[    0.677105] pci_bus 0000:00: root bus resource [mem 0x000a0000-0x000bffff window]
[    0.680582] pci_bus 0000:00: root bus resource [mem 0x40000000-0xfdffffff window]
[    0.682778] pci_bus 0000:00: root bus resource [bus 00-ff]
[    0.686521] pci 0000:00:01.1: legacy IDE quirk: reg 0x10: [io  0x01f0-0x01f7]
[    0.688204] pci 0000:00:01.1: legacy IDE quirk: reg 0x14: [io  0x03f6]
[    0.689839] pci 0000:00:01.1: legacy IDE quirk: reg 0x18: [io  0x0170-0x0177]
[    0.691537] pci 0000:00:01.1: legacy IDE quirk: reg 0x1c: [io  0x0376]
[    0.727066] pci 0000:00:07.0: quirk: [io  0x4000-0x403f] claimed by PIIX4 ACPI
[    0.730151] pci 0000:00:07.0: quirk: [io  0x4100-0x410f] claimed by PIIX4 SMB
[    0.737695] ACPI: PCI Interrupt Link [LNKA] (IRQs 5 9 10 *11)
[    0.740791] ACPI: PCI Interrupt Link [LNKB] (IRQs 5 9 *10 11)
[    0.743806] ACPI: PCI Interrupt Link [LNKC] (IRQs 5 *9 10 11)
[    0.748280] ACPI: PCI Interrupt Link [LNKD] (IRQs 5 9 10 *11)
[    0.751469] ACPI: Enabled 2 GPEs in block 00 to 07
[    0.753996] vgaarb: setting as boot device: PCI:0000:00:02.0
[    0.756296] vgaarb: device added: PCI:0000:00:02.0,decodes=io+mem,owns=io+mem,locks=none
[    0.760113] vgaarb: loaded
[    0.761458] vgaarb: bridge control possible 0000:00:02.0
[    0.764410] SCSI subsystem initialized
[    0.766334] ACPI: bus type USB registered
[    0.768096] usbcore: registered new interface driver usbfs
[    0.770140] usbcore: registered new interface driver hub
[    0.771955] usbcore: registered new device driver usb
[    0.773956] PCI: Using ACPI for IRQ routing
[    0.775850] NetLabel: Initializing
[    0.777362] NetLabel:  domain hash size = 128
[    0.779099] NetLabel:  protocols = UNLABELED CIPSOv4
[    0.796466] NetLabel:  unlabeled traffic allowed by default
[    0.798559] amd_nb: Cannot enumerate AMD northbridges
[    0.801091] clocksource: Switched to clocksource kvm-clock
[    0.845277] AppArmor: AppArmor Filesystem Enabled
[    0.847173] pnp: PnP ACPI init
[    0.849102] pnp: PnP ACPI: found 3 devices
[    0.860281] clocksource: acpi_pm: mask: 0xffffff max_cycles: 0xffffff, max_idle_ns: 2085701024 ns
[    0.863586] NET: Registered protocol family 2
[    0.865281] TCP established hash table entries: 8192 (order: 4, 65536 bytes)
[    0.867776] TCP bind hash table entries: 8192 (order: 5, 131072 bytes)
[    0.870082] TCP: Hash tables configured (established 8192 bind 8192)
[    0.872085] UDP hash table entries: 512 (order: 2, 16384 bytes)
[    0.873533] UDP-Lite hash table entries: 512 (order: 2, 16384 bytes)
[    0.875162] NET: Registered protocol family 1
[    0.876369] pci 0000:00:00.0: Limiting direct PCI/PCI transfers
[    0.879003] pci 0000:00:01.0: Activating ISA DMA hang workarounds
[    0.880658] Unpacking initramfs...
[    1.445424] Freeing initrd memory: 14876K
[    1.447253] clocksource: tsc: mask: 0xffffffffffffffff max_cycles: 0x2879c7f065b, max_idle_ns: 440795303690 ns
[    1.450534] platform rtc_cmos: registered platform RTC device (no PNP device found)
[    1.452745] Scanning for low memory corruption every 60 seconds
[    1.454864] audit: initializing netlink subsys (disabled)
[    1.456323] audit: type=2000 audit(1579599332.248:1): initialized
[    1.460950] Initialise system trusted keyring
[    1.462861] HugeTLB registered 2 MB page size, pre-allocated 0 pages
[    1.465856] zbud: loaded
[    1.467215] VFS: Disk quotas dquot_6.6.0
[    1.468362] VFS: Dquot-cache hash table entries: 512 (order 0, 4096 bytes)
[    1.471238] squashfs: version 4.0 (2009/01/31) Phillip Lougher
[    1.473083] fuse init (API version 7.23)
[    1.474576] Key type big_key registered
[    1.475780] Allocating IMA MOK and blacklist keyrings.
[    1.481720] Key type asymmetric registered
[    1.482902] Asymmetric key parser 'x509' registered
[    1.484331] Block layer SCSI generic (bsg) driver version 0.4 loaded (major 249)
[    1.486773] io scheduler noop registered
[    1.487932] io scheduler deadline registered (default)
[    1.489357] io scheduler cfq registered
[    1.490625] pci_hotplug: PCI Hot Plug PCI Core version: 0.5
[    1.492294] pciehp: PCI Express Hot Plug Controller Driver version: 0.4
[    1.495219] ACPI: AC Adapter [AC] (on-line)
[    1.496808] input: Power Button as /devices/LNXSYSTM:00/LNXPWRBN:00/input/input0
[    1.499092] ACPI: Power Button [PWRF]
[    1.500205] input: Sleep Button as /devices/LNXSYSTM:00/LNXSLPBN:00/input/input1
[    1.502452] ACPI: Sleep Button [SLPF]
[    1.504559] ACPI: Battery Slot [BAT0] (battery present)
[    1.506303] GHES: HEST is not enabled!
[    1.507544] Serial: 8250/16550 driver, 32 ports, IRQ sharing enabled
[    1.529786] 00:02: ttyS0 at I/O 0x3f8 (irq = 4, base_baud = 115200) is a 16550A
[    1.532973] Linux agpgart interface v0.103
[    1.536850] loop: module loaded
[    1.538532] scsi host0: ata_piix
[    1.539841] scsi host1: ata_piix
[    1.540939] ata1: PATA max UDMA/33 cmd 0x1f0 ctl 0x3f6 bmdma 0xd000 irq 14
[    1.542783] ata2: PATA max UDMA/33 cmd 0x170 ctl 0x376 bmdma 0xd008 irq 15
[    1.545609] libphy: Fixed MDIO Bus: probed
[    1.547064] tun: Universal TUN/TAP device driver, 1.6
[    1.548523] tun: (C) 1999-2004 Max Krasnyansky <maxk@qualcomm.com>
[    1.550228] PPP generic driver version 2.4.2
[    1.551492] ehci_hcd: USB 2.0 'Enhanced' Host Controller (EHCI) Driver
[    1.553075] ehci-pci: EHCI PCI platform driver
[    1.554328] ehci-platform: EHCI generic platform driver
[    1.555666] ohci_hcd: USB 1.1 'Open' Host Controller (OHCI) Driver
[    1.557312] ohci-pci: OHCI PCI platform driver
[    1.558698] ohci-platform: OHCI generic platform driver
[    1.560445] uhci_hcd: USB Universal Host Controller Interface driver
[    1.563015] i8042: PNP: PS/2 Controller [PNP0303:PS2K,PNP0f03:PS2M] at 0x60,0x64 irq 1,12
[    1.565862] serio: i8042 KBD port at 0x60,0x64 irq 1
[    1.567447] serio: i8042 AUX port at 0x60,0x64 irq 12
[    1.569075] mousedev: PS/2 mouse device common for all mice
[    1.571255] rtc_cmos rtc_cmos: rtc core: registered rtc_cmos as rtc0
[    1.573022] input: AT Translated Set 2 keyboard as /devices/platform/i8042/serio0/input/input2
[    1.575598] rtc_cmos rtc_cmos: alarms up to one day, 114 bytes nvram
[    1.577801] i2c /dev entries driver
[    1.579383] device-mapper: uevent: version 1.0.3
[    1.580869] device-mapper: ioctl: 4.34.0-ioctl (2015-10-28) initialised: dm-devel@redhat.com
[    1.583093] ledtrig-cpu: registered to indicate activity on CPUs
[    1.585181] NET: Registered protocol family 10
[    1.586723] NET: Registered protocol family 17
[    1.587965] Key type dns_resolver registered
[    1.589582] registered taskstats version 1
[    1.590685] Loading compiled-in X.509 certificates
[    1.592472] Loaded X.509 cert 'Build time autogenerated kernel key: e951a32ceec0422669d36e9913b2c7dea5e0a587'
[    1.595523] zswap: loaded using pool lzo/zbud
[    1.598702] Key type trusted registered
[    1.602642] Key type encrypted registered
[    1.603758] AppArmor: AppArmor sha1 policy hashing enabled
[    1.605078] ima: No TPM chip found, activating TPM-bypass!
[    1.606520] ima: Allocated hash algorithm: sha1
[    1.607924] evm: HMAC attrs: 0x1
[    1.609217]   Magic number: 4:529:576
[    1.610612] rtc_cmos rtc_cmos: setting system clock to 2020-01-21 09:35:27 UTC (1579599327)
[    1.613795] BIOS EDD facility v0.16 2004-Jun-25, 0 devices found
[    1.615280] EDD information not available.
[    1.718367] Freeing unused kernel memory: 1488K
[    1.723141] Write protecting the kernel read-only data: 14336k
[    1.728737] Freeing unused kernel memory: 1604K
[    1.731658] Freeing unused kernel memory: 64K
Loading, please wait...
starting version 229
[    1.751389] random: systemd-udevd: uninitialized urandom read (16 bytes read, 3 bits of entropy available)
[    1.751696] random: udevadm: uninitialized urandom read (16 bytes read, 3 bits of entropy available)
[    1.751714] random: udevadm: uninitialized urandom read (16 bytes read, 3 bits of entropy available)
[    1.762436] random: systemd-udevd: uninitialized urandom read (16 bytes read, 3 bits of entropy available)
[    1.763510] random: udevadm: uninitialized urandom read (16 bytes read, 3 bits of entropy available)
[    1.763574] random: udevadm: uninitialized urandom read (16 bytes read, 3 bits of entropy available)
[    1.763815] random: udevadm: uninitialized urandom read (16 bytes read, 3 bits of entropy available)
[    1.763952] random: udevadm: uninitialized urandom read (16 bytes read, 3 bits of entropy available)
[    1.764018] random: udevadm: uninitialized urandom read (16 bytes read, 3 bits of entropy available)
[    1.764085] random: udevadm: uninitialized urandom read (16 bytes read, 3 bits of entropy available)
[    1.816271] Fusion MPT base driver 3.04.20
[    1.817800] Copyright (c) 1999-2008 LSI Corporation
[    1.820995] e1000: Intel(R) PRO/1000 Network Driver - version 7.3.21-k8-NAPI
[    1.823384] e1000: Copyright (c) 1999-2006 Intel Corporation.
[    1.856745] Fusion MPT SPI Host driver 3.04.20
[    1.872775] AVX2 version of gcm_enc/dec engaged.
[    1.874354] AES CTR mode by8 optimization enabled
[    2.060323] input: ImExPS/2 Generic Explorer Mouse as /devices/platform/i8042/serio1/input/input4
[    2.476731] e1000 0000:00:03.0 eth0: (PCI:33MHz:32-bit) 02:e4:c4:97:dc:06
[    2.478945] e1000 0000:00:03.0 eth0: Intel(R) PRO/1000 Network Connection
[    2.481469] mptbase: ioc0: Initiating bringup
[    2.481503] e1000 0000:00:03.0 enp0s3: renamed from eth0
[    2.545928] ioc0: LSI53C1030 A0: Capabilities={Initiator}
[    2.707631] scsi host2: ioc0: LSI53C1030 A0, FwRev=00000000h, Ports=1, MaxQ=256, IRQ=20
[    2.822168] scsi 2:0:0:0: Direct-Access     VBOX     HARDDISK         1.0  PQ: 0 ANSI: 5
[    2.824999] scsi target2:0:0: Beginning Domain Validation
[    2.830047] scsi target2:0:0: Domain Validation skipping write tests
[    2.832172] scsi target2:0:0: Ending Domain Validation
[    2.834028] scsi target2:0:0: asynchronous
[    2.836561] scsi 2:0:1:0: Direct-Access     VBOX     HARDDISK         1.0  PQ: 0 ANSI: 5
[    2.839470] scsi target2:0:1: Beginning Domain Validation
[    2.844163] scsi target2:0:1: Domain Validation skipping write tests
[    2.846294] scsi target2:0:1: Ending Domain Validation
[    2.848129] scsi target2:0:1: asynchronous
[    2.874630] sd 2:0:0:0: Attached scsi generic sg0 type 0
[    2.875283] sd 2:0:0:0: [sda] 20971520 512-byte logical blocks: (10.7 GB/10.0 GiB)
[    2.875540] sd 2:0:0:0: [sda] Write Protect is off
[    2.875789] sd 2:0:0:0: [sda] Incomplete mode parameter data
[    2.875791] sd 2:0:0:0: [sda] Assuming drive cache: write through
[    2.886275]  sda: sda1
[    2.887172] sd 2:0:0:0: [sda] Attached SCSI disk
[    2.892710] sd 2:0:1:0: [sdb] 20480 512-byte logical blocks: (10.5 MB/10.0 MiB)
[    2.893565] sd 2:0:1:0: Attached scsi generic sg1 type 0
[    2.898561] sd 2:0:1:0: [sdb] Write Protect is off
[    2.900596] sd 2:0:1:0: [sdb] Incomplete mode parameter data
[    2.902412] sd 2:0:1:0: [sdb] Assuming drive cache: write through
[    2.907175] sd 2:0:1:0: [sdb] Attached SCSI disk
Begin: Loading essential drivers ... [    4.556563] md: linear personality registered for level -1
[    4.562097] md: multipath personality registered for level -4
[    4.566587] md: raid0 personality registered for level 0
[    4.572042] md: raid1 personality registered for level 1
[    4.645325] raid6: sse2x1   gen()  7881 MB/s
[    4.713144] raid6: sse2x1   xor()  5884 MB/s
[    4.781154] raid6: sse2x2   gen() 10506 MB/s
[    4.849285] raid6: sse2x2   xor()  7720 MB/s
[    4.917177] raid6: sse2x4   gen() 12050 MB/s
[    4.985539] raid6: sse2x4   xor()  8403 MB/s
[    5.053149] raid6: avx2x1   gen() 20183 MB/s
[    5.121112] raid6: avx2x2   gen() 22827 MB/s
[    5.189546] raid6: avx2x4   gen() 23250 MB/s
[    5.191043] raid6: using algorithm avx2x4 gen() 23250 MB/s
[    5.192585] raid6: using avx2x2 recovery algorithm
[    5.195507] xor: automatically using best checksumming function:
[    5.233843]    avx       : 27703.000 MB/sec
[    5.236197] async_tx: api initialized (async)
[    5.246433] md: raid6 personality registered for level 6
[    5.247818] md: raid5 personality registered for level 5
[    5.249111] md: raid4 personality registered for level 4
[    5.256474] md: raid10 personality registered for level 10
done.
Begin: Running /scripts/init-premount ... done.
Begin: Mounting root file system ... Begin: Running /scripts/local-top ... done.
Begin: Running /scripts/local-premount ... [    5.304256] Btrfs loaded
Scanning for Btrfs filesystems
done.
Warning: fsck not present, so skipping root file system
[    5.345340] EXT4-fs (sda1): mounted filesystem with ordered data mode. Opts: (null)
done.
Begin: Running /scripts/local-bottom ... done.
Begin: Running /scripts/init-bottom ... done.
[    5.473862] systemd[1]: systemd 229 running in system mode. (+PAM +AUDIT +SELINUX +IMA +APPARMOR +SMACK +SYSVINIT +UTMP +LIBCRYPTSETUP +GCRYPT +GNUTLS +ACL +XZ -LZ4 +SECCOMP +BLKID +ELFUTILS +KMOD -IDN)
[    5.478644] systemd[1]: Detected virtualization oracle.
[    5.480104] systemd[1]: Detected architecture x86-64.

Welcome to [1mUbuntu 16.04.6 LTS[0m!

[    5.484969] systemd[1]: Set hostname to <ubuntu>.
[    5.489861] systemd[1]: Initializing machine ID from random generator.
[    5.492531] systemd[1]: Installed transient /etc/machine-id file.
[    5.659477] systemd[1]: Listening on /dev/initctl Compatibility Named Pipe.
[[0;32m  OK  [0m] Listening on /dev/initctl Compatibility Named Pipe.
[    5.662267] systemd[1]: Listening on udev Control Socket.
[[0;32m  OK  [0m] Listening on udev Control Socket.
[    5.664749] systemd[1]: Started Trigger resolvconf update for networkd DNS.
[[0;32m  OK  [0m] Started Trigger resolvconf update for networkd DNS.
[    5.673706] systemd[1]: Reached target System Time Synchronized.
[[0;32m  OK  [0m] Reached target System Time Synchronized.
[    5.677349] systemd[1]: Listening on Journal Socket.
[[0;32m  OK  [0m] Listening on Journal Socket.
[    5.679458] systemd[1]: Listening on udev Kernel Socket.
[[0;32m  OK  [0m] Listening on udev Kernel Socket.
[    6.154555] systemd[1]: Listening on LVM2 poll daemon socket.
[[0;32m  OK  [0m] Listening on LVM2 poll daemon socket.
[    6.159258] systemd[1]: Reached target Encrypted Volumes.
[[0;32m  OK  [0m] Reached target Encrypted Volumes.
[    6.162947] systemd[1]: Started Forward Password Requests to Wall Directory Watch.
[[0;32m  OK  [0m] Started Forward Password Requests to Wall Directory Watch.
[    6.167301] systemd[1]: Set up automount Arbitrary Executable File Formats File System Automount Point.
[[0;32m  OK  [0m] Set up automount Arbitrary Executab...ats File System Automount Point.
[    6.171434] systemd[1]: Reached target Swap.
[[0;32m  OK  [0m] Reached target Swap.
[    6.450431] systemd[1]: Listening on Journal Socket (/dev/log).
[[0;32m  OK  [0m] Listening on Journal Socket (/dev/log).
[    6.454256] systemd[1]: Created slice System Slice.
[[0;32m  OK  [0m] Created slice System Slice.
[    6.469656] systemd[1]: Mounting Huge Pages File System...
         Mounting Huge Pages File System...
[    6.474771] systemd[1]: Starting Nameserver information manager...
         Starting Nameserver information manager...
[    6.478592] systemd[1]: Starting Remount Root and Kernel File Systems...
         Starting Remount Root and Kernel File Systems...
[    6.483888] systemd[1]: Mounting Debug File System...
[    6.484492] EXT4-fs (sda1): re-mounted. Opts: (null)
         Mounting Debug File System...
[    6.489251] systemd[1]: Created slice system-serial\x2dgetty.slice.
[[0;32m  OK  [0m] Created slice system-serial\x2dgetty.slice.
[    6.503395] systemd[1]: Starting Uncomplicated firewall...
         Starting Uncomplicated firewall...
[    6.508427] systemd[1]: Starting Set console keymap...
         Starting Set console keymap...
[    6.517520] systemd[1]: Reached target User and Group Name Lookups.
[[0;32m  OK  [0m] Reached target User and Group Name Lookups.
[    6.522304] systemd[1]: Mounting POSIX Message Queue File System...
         Mounting POSIX Message Queue File System...
[    6.533478] systemd[1]: Listening on LVM2 metadata daemon socket.
[[0;32m  OK  [0m] Listening on LVM2 metadata daemon socket.
[    6.540298] systemd[1]: Starting Load Kernel Modules...
         Starting Load Kernel Modules...
[    6.544566] systemd[1]: Listening on Syslog Socket.
[[0;32m  OK  [0m] Listening on Syslog Socket.
[    6.547486] systemd[1]: Listening on Journal Audit Socket.
[[0;32m  OK  [0m] Listening on Journal Audit Socket.
[    6.552462] systemd[1]: Starting Journal Service...
         Starting Journal Service...
[    6.558633] systemd[1]: Created slice User and Session Slice.
[    6.561963] Loading iSCSI transport class v2.0-870.
[[0;32m  OK  [0m] Created slice User and Session Slice.
[    6.565326] systemd[1]: Reached target Slices.
[[0;32m  OK  [0m] Reached target Slices.
[    6.569706] systemd[1]: Listening on Device-mapper event daemon FIFOs.
[[0;32m  OK  [0m] Listening on Device-mapper event daemon FIFOs.
[    6.577896] iscsi: registered transport (tcp)
[    6.589735] systemd[1]: Starting Monitoring of LVM2 mirrors, snapshots etc. using dmeventd or progress polling...
         Starting Monitoring of LVM2 mirrors... dmeventd or progress polling...
[    6.602823] systemd[1]: Starting Create list of required static device nodes for the current kernel...
         Starting Create list of required st... nodes for the current kernel...
[    6.632350] systemd[1]: Mounted Debug File System.
[[0;32m  OK  [0m] Mounted Debug File System.
[    6.635378] systemd[1]: Mounted Huge Pages File System.
[[0;32m  OK  [0m] Mounted Huge Pages File System.
[    6.638213] systemd[1]: Mounted POSIX Message Queue File System.
[[0;32m  OK  [0m] Mounted POSIX Message Queue File System.
[    6.665889] systemd[1]: Started Remount Root and Kernel File Systems.
[[0;32m  OK  [0m] Started Remount Root and Kernel File Systems.
[    6.669731] iscsi: registered transport (iser)
[    6.670430] systemd[1]: Started Uncomplicated firewall.
[[0;32m  OK  [0m] Started Uncomplicated firewall.
[    6.674535] systemd[1]: Started Set console keymap.
[[0;32m  OK  [0m] Started Set console keymap.
[    6.677843] systemd[1]: Started Load Kernel Modules.
[[0;32m  OK  [0m] Started Load Kernel Modules.
[    6.680429] systemd[1]: Started Create list of required static device nodes for the current kernel.
[[0;32m  OK  [0m] Started Create list of required sta...ce nodes for the current kernel.
[    6.718782] systemd[1]: Started Nameserver information manager.
[[0;32m  OK  [0m] Started Nameserver information manager.
[    6.724768] systemd[1]: Started Journal Service.
[[0;32m  OK  [0m] Started Journal Service.
[[0;32m  OK  [0m] Started LVM2 metadata daemon.
         Starting Create Static Device Nodes in /dev...
         Mounting FUSE Control File System...
         Starting Apply Kernel Variables...
         Starting udev Coldplug all Devices...
         Starting Load/Save Random Seed...
         Starting Flush Journal to Persistent Storage...
[[0;32m  OK  [0m] Mounted FUSE Control File System.
[[0;32m  OK  [0m] Started Create Static Device Nodes in /dev.
         Starting udev Kernel Device Manager...
[[0;32m  OK  [0m] Started Load/Save Random Seed.
[    6.794259] systemd-journald[395]: Received request to flush runtime journal from PID 1
[[0;32m  OK  [0m] Started Apply Kernel Variables.
[[0;32m  OK  [0m] Started Flush Journal to Persistent Storage.
[[0;32m  OK  [0m] Started Monitoring of LVM2 mirrors,...ng dmeventd or progress polling.
[[0;32m  OK  [0m] Reached target Local File Systems (Pre).
[[0;32m  OK  [0m] Reached target Local File Systems.
         Starting Initial cloud-init job (pre-networking)...
         Starting Commit a transient machine-id on disk...
         Starting Tell Plymouth To Write Out Runtime Data...
         Starting Set console font and keymap...
         Starting LSB: AppArmor initialization...
         Starting Create Volatile Files and Directories...
[[0;32m  OK  [0m] Started udev Kernel Device Manager.
[[0;32m  OK  [0m] Started Create Volatile Files and Directories.
         Starting Update UTMP about System Boot/Shutdown...
[[0;32m  OK  [0m] Started udev Coldplug all Devices.
[[0;32m  OK  [0m] Started Commit a transient machine-id on disk.
[[0;32m  OK  [0m] Started Tell Plymouth To Write Out Runtime Data.
[[0;32m  OK  [0m] Started Dispatch Password Requests to Console Directory Watch.
[[0;32m  OK  [0m] Started Update UTMP about System Boot/Shutdown.
[[0;32m  OK  [0m] Found device /dev/ttyS0.
[[0;32m  OK  [0m] Listening on Load/Save RF Kill Switch Status /dev/rfkill Watch.
[    9.564514] cloud-init[471]: Cloud-init v. 19.3-41-gc4735dd3-0ubuntu1~16.04.1 running 'init-local' at Tue, 21 Jan 2020 09:35:35 +0000. Up 8.82 seconds.
[[0;32m  OK  [0m] Started Initial cloud-init job (pre-networking).
[[0;32m  OK  [0m] Reached target Network (Pre).
[[0;32m  OK  [0m] Started LSB: AppArmor initialization.
         Starting Raise network interfaces...
[[0;32m  OK  [0m] Started Set console font and keymap.
[[0;32m  OK  [0m] Created slice system-getty.slice.
[[0;32m  OK  [0m] Started Raise network interfaces.
[[0;32m  OK  [0m] Reached target Network.
         Starting Initial cloud-init job (metadata service crawler)...
[   11.685191] cloud-init[961]: Cloud-init v. 19.3-41-gc4735dd3-0ubuntu1~16.04.1 running 'init' at Tue, 21 Jan 2020 09:35:37 +0000. Up 11.00 seconds.
[   11.688394] cloud-init[961]: ci-info: ++++++++++++++++++++++++++++++++++++++Net device info++++++++++++++++++++++++++++++++++++++
[   11.691344] cloud-init[961]: ci-info: +--------+------+----------------------------+---------------+--------+-------------------+
[   11.694240] cloud-init[961]: ci-info: | Device |  Up  |          Address           |      Mask     | Scope  |     Hw-Address    |
[   11.697125] cloud-init[961]: ci-info: +--------+------+----------------------------+---------------+--------+-------------------+
[   11.699621] cloud-init[961]: ci-info: | enp0s3 | True |         10.0.2.15          | 255.255.255.0 | global | 02:e4:c4:97:dc:06 |
[   11.702391] cloud-init[961]: ci-info: | enp0s3 | True | fe80::e4:c4ff:fe97:dc06/64 |       .       |  link  | 02:e4:c4:97:dc:06 |
[   11.704915] cloud-init[961]: ci-info: |   lo   | True |         127.0.0.1          |   255.0.0.0   |  host  |         .         |
[   11.708772] cloud-init[961]: ci-info: |   lo   | True |          ::1/128           |       .       |  host  |         .         |
[   11.712049] cloud-init[961]: ci-info: +--------+------+----------------------------+---------------+--------+-------------------+
[   11.717445] cloud-init[961]: ci-info: +++++++++++++++++++++++++++Route IPv4 info++++++++++++++++++++++++++++
[   11.720541] cloud-init[961]: ci-info: +-------+-------------+----------+---------------+-----------+-------+
[   11.732969] cloud-init[961]: ci-info: | Route | Destination | Gateway  |    Genmask    | Interface | Flags |
[   11.736391] cloud-init[961]: ci-info: +-------+-------------+----------+---------------+-----------+-------+
[   11.740595] cloud-init[961]: ci-info: |   0   |   0.0.0.0   | 10.0.2.2 |    0.0.0.0    |   enp0s3  |   UG  |
[   11.743462] cloud-init[961]: ci-info: |   1   |   10.0.2.0  | 0.0.0.0  | 255.255.255.0 |   enp0s3  |   U   |
[   11.746158] cloud-init[961]: ci-info: +-------+-------------+----------+---------------+-----------+-------+
[   11.749439] cloud-init[961]: ci-info: +++++++++++++++++++Route IPv6 info+++++++++++++++++++
[   11.751862] cloud-init[961]: ci-info: +-------+-------------+---------+-----------+-------+
[   11.754216] cloud-init[961]: ci-info: | Route | Destination | Gateway | Interface | Flags |
[   11.756978] cloud-init[961]: ci-info: +-------+-------------+---------+-----------+-------+
[   11.758870] cloud-init[961]: ci-info: |   0   |  fe80::/64  |    ::   |   enp0s3  |   U   |
[   11.759175] cloud-init[961]: ci-info: |   3   |   ff00::/8  |    ::   |   enp0s3  |   U   |
[   11.760130] cloud-init[961]: ci-info: +-------+-------------+---------+-----------+-------+
[   11.760911] cloud-init[961]: Generating public/private rsa key pair.
[   11.761420] cloud-init[961]: Your identification has been saved in /etc/ssh/ssh_host_rsa_key.
[   11.762207] cloud-init[961]: Your public key has been saved in /etc/ssh/ssh_host_rsa_key.pub.
[   11.762629] cloud-init[961]: The key fingerprint is:
[   11.762831] cloud-init[961]: SHA256:8EcAlvzts/zFRQPuKfpGO8agXzGyffSjoH0FxyaP7lk root@ubuntu-xenial
[   11.763214] cloud-init[961]: The key's randomart image is:
[   11.763749] cloud-init[961]: +---[RSA 2048]----+
[   11.764153] cloud-init[961]: |     .oo.    .   |
[   11.765290] cloud-init[961]: |     .o  .  . .  |
[   11.765840] cloud-init[961]: |      .. ..  ....|
[   11.766680] cloud-init[961]: |       o... .o.=.|
[[0;32m  OK  [0m] Started Initial cloud-init job (metadata service crawler).
[   11.767336] cloud-init[961]: |        So.+ +B .|
[   11.779282] cloud-init[961]: |         oB.=o.+ |
[   11.779551] cloud-init[961]: |        .++*o.+E |
[   11.780721] cloud-init[961]: |       .  B*o++ .|
[   11.780877] cloud-init[961]: |        .oo+=+   |
[   11.781847] cloud-init[961]: +----[SHA256]-----+
[   11.782787] cloud-init[961]: Generating public/private dsa key pair.
[   11.783393] cloud-init[961]: Your identification has been saved in /etc/ssh/ssh_host_dsa_key.
[   11.784533] cloud-init[961]: Your public key has been saved in /etc/ssh/ssh_host_dsa_key.pub.
[   11.785099] cloud-init[961]: The key fingerprint is:
[   11.785473] cloud-init[961]: SHA256:Yy1bFuP+Qc7n+ks2WR4k76uFbNdsUojzQGp3/m8xgkI root@ubuntu-xenial
[   11.786026] cloud-init[961]: The key's randomart image is:
[   11.786387] cloud-init[961]: +---[DSA 1024]----+
[[0;32m  OK  [0m] Reached target Network is Online.
[   11.787057] cloud-init[961]: |                 |
[   11.794602] cloud-init[961]: |                 |
         Starting iSCSI initiator daemon (iscsid)...
[[0;32m  OK  [0m] Reached target Cloud-config availability.
[[0;32m  OK  [0m] Reached target System Initialization.
[[0;32m  OK  [0m] Started Message of the Day.
[   11.799311] cloud-init[961]: |          o .. . |
[   11.813433] cloud-init[961]: |         E = .+. |
[   11.813777] cloud-init[961]: |        S B B ooo|
[   11.814453] cloud-init[961]: |       . X *.BoOo|
[   11.815282] cloud-init[961]: |        . o ++@+B|
[   11.816393] cloud-init[961]: |           ..*o=o|
[   11.817332] cloud-init[961]: |            o+=++|
[   11.817986] cloud-init[961]: +----[SHA256]-----+
[   11.818349] cloud-init[961]: Generating public/private ecdsa key pair.
[   11.818923] cloud-init[961]: Your identification has been saved in /etc/ssh/ssh_host_ecdsa_key.
[   11.819484] cloud-init[961]: Your public key has been saved in /etc/ssh/ssh_host_ecdsa_key.pub.
[   11.820049] cloud-init[961]: The key fingerprint is:
[   11.820534] cloud-init[961]: SHA256:Ki1vVE7VTvlXlug8OlnJDOxT+rvhI2mMqtSMYMcXp40 root@ubuntu-xenial
[   11.820921] cloud-init[961]: The key's randomart image is:
[   11.822167] cloud-init[961]: +---[ECDSA 256]---+
[   11.822282] cloud-init[961]: |          .. .. .|
[   11.822424] cloud-init[961]: |          .o+o .o|
[   11.823046] cloud-init[961]: |       . o.oO....|
[   11.823202] cloud-init[961]: |    .   O  +.O. .|
[   11.823816] cloud-init[961]: |   o o ES.  * .. |
[   11.824579] cloud-init[961]: |  . o.*..  + .   |
[   11.824969] cloud-init[961]: |    o+oo  o o..  |
[   11.825576] cloud-init[961]: |    .+.  . =.o.  |
[   11.825946] cloud-init[961]: |     oo.. . .oo  |
[   11.826672] cloud-init[961]: +----[SHA256]-----+
[   11.827502] cloud-init[961]: Generating public/private ed25519 key pair.
[   11.827556] cloud-init[961]: Your identification has been saved in /etc/ssh/ssh_host_ed25519_key.
[   11.827604] cloud-init[961]: Your public key has been saved in /etc/ssh/ssh_host_ed25519_key.pub.
[   11.827651] cloud-init[961]: The key fingerprint is:
[   11.827697] cloud-init[961]: SHA256:RVP7p6rWr8TAviWs6SgCeFySA9c/knZv5ACYSWeH2rY root@ubuntu-xenial
[   11.827745] cloud-init[961]: The key's randomart image is:
[   11.827792] cloud-init[961]: +--[ED25519 256]--+
[   11.827841] cloud-init[961]: | ..=o..   o..    |
[   11.827888] cloud-init[961]: |. =o+.   . . .   |
[   11.827937] cloud-init[961]: | o + +    . .    |
[   11.827992] cloud-init[961]: |  = B = .o   .   |
[   11.828171] cloud-init[961]: |.. * + *S o   . .|
[   11.828250] cloud-init[961]: |o o E   +o o   o |
[   11.828304] cloud-init[961]: | o     .  +.+ .  |
[   11.828356] cloud-init[961]: |  . .  . o.=..   |
         Starting LXD - unix socket.
[[0;32m  OK  [0m] Started Daily apt download activities.
[   11.828618] cloud-init[961]: |   . ...+.o.oo.  |
[[0;32m  OK  [0m] Started ACPI Events Check.
[[0;32m  OK  [0m] Reached target Paths.
[[0;32m  OK  [0m] Listening on UUID daemon activation socket.
[[0;32m  OK  [0m] Listening on ACPID Listen Socket.
[   11.866401] cloud-init[961]: +----[SHA256]-----+
         Starting Socket activation for snappy daemon.
[[0;32m  OK  [0m] Started Daily apt upgrade and clean activities.
[[0;32m  OK  [0m] Listening on D-Bus System Message Bus Socket.
[[0;32m  OK  [0m] Started Daily Cleanup of Temporary Directories.
[[0;32m  OK  [0m] Reached target Timers.
[[0;32m  OK  [0m] Listening on LXD - unix socket.
[[0;32m  OK  [0m] Listening on Socket activation for snappy daemon.
[[0;32m  OK  [0m] Reached target Sockets.
[[0;32m  OK  [0m] Reached target Basic System.
         Starting Accounts Service...
         Starting LSB: Record successful boot for GRUB...
         Starting LXD - container startup/shutdown...
         Starting Login Service...
[[0;32m  OK  [0m] Started Regular background program processing daemon.
[[0;32m  OK  [0m] Started FUSE filesystem for LXC.
         Starting LSB: MD monitoring daemon...
         Starting System Logging Service...
[[0;32m  OK  [0m] Started D-Bus System Message Bus.
         Starting /etc/rc.local Compatibility...
         Starting Snappy daemon...
[[0;32m  OK  [0m] Started ACPI event daemon.
         Starting Pollinate to seed the pseudo random number generator...
[[0;32m  OK  [0m] Started Deferred execution scheduler.
         Starting Virtualbox guest utils...
[[0;32m  OK  [0m] Started System Logging Service.
[[0;32m  OK  [0m] Started iSCSI initiator daemon (iscsid).
[[0;32m  OK  [0m] Started /etc/rc.local Compatibility.
[[0;32m  OK  [0m] Started Login Service.
[[0;32m  OK  [0m] Started Unattended Upgrades Shutdown.
         Starting Authenticate and Authorize Users to Run Privileged Tasks...
         Starting Login to default iSCSI targets...
[[0;32m  OK  [0m] Started LSB: Record successful boot for GRUB.
[[0;32m  OK  [0m] Started Authenticate and Authorize Users to Run Privileged Tasks.
[[0;32m  OK  [0m] Started Accounts Service.
[[0;32m  OK  [0m] Started LSB: MD monitoring daemon.
[[0;32m  OK  [0m] Started Login to default iSCSI targets.
[[0;32m  OK  [0m] Reached target Remote File Systems (Pre).
[[0;32m  OK  [0m] Reached target Remote File Systems.
         Starting Permit User Sessions...
         Starting LSB: daemon to balance interrupts for SMP systems...
         Starting LSB: Set the CPU Frequency Scaling governor to "ondemand"...
         Starting LSB: automatic crash report generation...
[[0;32m  OK  [0m] Started LXD - container startup/shutdown.
[[0;32m  OK  [0m] Started Permit User Sessions.
         Starting Terminate Plymouth Boot Screen...
         Starting Hold until boot process finishes up...
[[0;32m  OK  [0m] Started Terminate Plymouth Boot Screen.
[[0;32m  OK  [0m] Started Hold until boot process finishes up.
[[0;32m  OK  [0m] Started Virtualbox guest utils.
[[0;32m  OK  [0m] Started Serial Getty on ttyS0.
[[0;32m  OK  [0m] Started Getty on tty1.
[[0;32m  OK  [0m] Reached target Login Prompts.
         Starting Set console scheme...
[[0;32m  OK  [0m] Started LSB: daemon to balance interrupts for SMP systems.
[[0;32m  OK  [0m] Started LSB: Set the CPU Frequency Scaling governor to "ondemand".
[[0;32m  OK  [0m] Started LSB: automatic crash report generation.
[[0;32m  OK  [0m] Started Set console scheme.
[[0;32m  OK  [0m] Started Snappy daemon.
         Starting Wait until snapd is fully seeded...
[[0;32m  OK  [0m] Started Pollinate to seed the pseudo random number generator.
         Starting OpenBSD Secure Shell server...
[[0;32m  OK  [0m] Started OpenBSD Secure Shell server.
[[0;32m  OK  [0m] Created slice User Slice of vagrant.
         Starting User Manager for UID 1000...
[[0;32m  OK  [0m] Started Session 1 of user vagrant.
[[0;32m  OK  [0m] Started User Manager for UID 1000.

Ubuntu 16.04.6 LTS ubuntu-xenial ttyS0

ubuntu-xenial login: [   24.191489] cloud-init[1654]: Generating locales (this might take a while)...
[   28.646123] cloud-init[1654]:   en_US.UTF-8... done
[   28.648140] cloud-init[1654]: Generation complete.
[   29.438987] cloud-init[1654]: Cloud-init v. 19.3-41-gc4735dd3-0ubuntu1~16.04.1 running 'modules:config' at Tue, 21 Jan 2020 09:35:50 +0000. Up 23.89 seconds.
ci-info: no authorized ssh keys fingerprints found for user ubuntu.
<14>Jan 21 09:35:57 ec2: 
<14>Jan 21 09:35:57 ec2: #############################################################
<14>Jan 21 09:35:57 ec2: -----BEGIN SSH HOST KEY FINGERPRINTS-----
<14>Jan 21 09:35:57 ec2: 1024 SHA256:Yy1bFuP+Qc7n+ks2WR4k76uFbNdsUojzQGp3/m8xgkI root@ubuntu-xenial (DSA)
<14>Jan 21 09:35:57 ec2: 256 SHA256:Ki1vVE7VTvlXlug8OlnJDOxT+rvhI2mMqtSMYMcXp40 root@ubuntu-xenial (ECDSA)
<14>Jan 21 09:35:57 ec2: 256 SHA256:RVP7p6rWr8TAviWs6SgCeFySA9c/knZv5ACYSWeH2rY root@ubuntu-xenial (ED25519)
<14>Jan 21 09:35:57 ec2: 2048 SHA256:8EcAlvzts/zFRQPuKfpGO8agXzGyffSjoH0FxyaP7lk root@ubuntu-xenial (RSA)
<14>Jan 21 09:35:57 ec2: -----END SSH HOST KEY FINGERPRINTS-----
<14>Jan 21 09:35:57 ec2: #############################################################
-----BEGIN SSH HOST KEY KEYS-----
ecdsa-sha2-nistp256 AAAAE2VjZHNhLXNoYTItbmlzdHAyNTYAAAAIbmlzdHAyNTYAAABBBCni/HU02ZdxELIHvdUc3QgZmHBii4Uxof9nRAhp4sPZmqSpSH3iUwiW+bpQ92cfi3+dX2CNb0EFStpDJ9Ci204= root@ubuntu-xenial
ssh-ed25519 AAAAC3NzaC1lZDI1NTE5AAAAICFqxr3oOazGaxtc5yx2phBXxT3F/0goq0kwGLfaGp8C root@ubuntu-xenial
ssh-rsa AAAAB3NzaC1yc2EAAAADAQABAAABAQC9NTHvNHRubFQon7chVxRKDqDL93hc6xWDlpEz3hPZB/hfknq+zeF7WP3kyZYoAUmy1JBLPfwzKth8Qtz8G8TB0Oq6xH6+tHhH+YeGENGdF5UUSbU8H8Ldl/tYFf1bwj7cIDLovjzykp6XitUFRFJ1Z+TyNXF9a65DGk46hYodjy+I3IIV66b76OqR3+FmuWjUET08Y7wIF6khSoe0bI0hAoH7FDZqiHrgEJCOXQ4uY0ODSv5WZRp9xzgRRkw3UjckSgGJTCOQfLoR2ViPPAUMPTk2iReRz3n4/vk9VCIira+30yca8ihFWTvZP+IE0Rg70i1szni5NXjW2ka895cX root@ubuntu-xenial
-----END SSH HOST KEY KEYS-----
[   30.905466] cloud-init[1903]: Cloud-init v. 19.3-41-gc4735dd3-0ubuntu1~16.04.1 running 'modules:final' at Tue, 21 Jan 2020 09:35:56 +0000. Up 30.47 seconds.
[   30.909750] cloud-init[1903]: ci-info: no authorized ssh keys fingerprints found for user ubuntu.
[   30.913462] cloud-init[1903]: Cloud-init v. 19.3-41-gc4735dd3-0ubuntu1~16.04.1 finished at Tue, 21 Jan 2020 09:35:57 +0000. Datasource DataSourceNoCloud [seed=/dev/sdb][dsmode=net].  Up 30.88 seconds
